<?xml version="1.0" encoding="UTF-8"?>
<!-- Generated by org.testng.reporters.JUnitReportReporter -->
<testsuite hostname="DESKTOP-62AN9KN" failures="0" tests="2" name="frameworkDesign_Automation.Driverpage" time="26.431" errors="0" timestamp="2023-08-12T01:17:27 IST" skipped="0">
  <testcase classname="frameworkDesign_Automation.Driverpage" name="logintosubmit" time="13.700"/>
  <system-out/>
  <testcase classname="frameworkDesign_Automation.Driverpage" name="logintosubmit" time="12.731"/>
  <system-out/>
</testsuite> <!-- frameworkDesign_Automation.Driverpage -->
