<?xml version="1.0" encoding="UTF-8"?>
<!-- Generated by org.testng.reporters.JUnitReportReporter -->
<testsuite hostname="DESKTOP-62AN9KN" failures="0" tests="2" name="frameworkDesign_Automation.Driverpage2" time="30.471" errors="0" timestamp="2023-08-13T00:37:37 IST" skipped="0">
  <testcase classname="frameworkDesign_Automation.Driverpage2" name="logintosubmit" time="13.232"/>
  <system-out/>
  <testcase classname="frameworkDesign_Automation.Driverpage2" name="logintosubmit" time="17.239"/>
  <system-out/>
</testsuite> <!-- frameworkDesign_Automation.Driverpage2 -->
